2014.06.27 01:03 B C:\Users\Neo\Documents\GitHub\OBG\OBG_System\OBG_System\Account\ChangePassword.aspx --> optib2b.ca /httpdocs/OBG_System/Account ChangePassword.aspx
2014.06.27 01:03 B C:\Users\Neo\Documents\GitHub\OBG\OBG_System\OBG_System\Account\ChangePassword.aspx.cs --> optib2b.ca /httpdocs/OBG_System/Account ChangePassword.aspx.cs
2014.06.27 01:03 B C:\Users\Neo\Documents\GitHub\OBG\OBG_System\OBG_System\Account\ChangePasswordSuccess.aspx --> optib2b.ca /httpdocs/OBG_System/Account ChangePasswordSuccess.aspx
2014.06.27 01:03 B C:\Users\Neo\Documents\GitHub\OBG\OBG_System\OBG_System\Account\ChangePasswordSuccess.aspx.cs --> optib2b.ca /httpdocs/OBG_System/Account ChangePasswordSuccess.aspx.cs
2014.06.27 01:03 B C:\Users\Neo\Documents\GitHub\OBG\OBG_System\OBG_System\Account\CheckOut.aspx --> optib2b.ca /httpdocs/OBG_System/Account CheckOut.aspx
2014.06.27 01:04 B C:\Users\Neo\Documents\GitHub\OBG\OBG_System\OBG_System\Account\CheckOut.aspx.cs --> optib2b.ca /httpdocs/OBG_System/Account CheckOut.aspx.cs
2014.06.27 01:04 B C:\Users\Neo\Documents\GitHub\OBG\OBG_System\OBG_System\Account\ForgetPassword.aspx --> optib2b.ca /httpdocs/OBG_System/Account ForgetPassword.aspx
2014.06.27 01:04 B C:\Users\Neo\Documents\GitHub\OBG\OBG_System\OBG_System\Account\ForgetPassword.aspx.cs --> optib2b.ca /httpdocs/OBG_System/Account ForgetPassword.aspx.cs
2014.06.27 01:04 B C:\Users\Neo\Documents\GitHub\OBG\OBG_System\OBG_System\Account\Login.aspx --> optib2b.ca /httpdocs/OBG_System/Account Login.aspx
2014.06.27 01:04 B C:\Users\Neo\Documents\GitHub\OBG\OBG_System\OBG_System\Account\Login.aspx.cs --> optib2b.ca /httpdocs/OBG_System/Account Login.aspx.cs
2014.06.27 01:04 B C:\Users\Neo\Documents\GitHub\OBG\OBG_System\OBG_System\Account\Register.aspx --> optib2b.ca /httpdocs/OBG_System/Account Register.aspx
2014.06.27 01:04 B C:\Users\Neo\Documents\GitHub\OBG\OBG_System\OBG_System\Account\Register.aspx.cs --> optib2b.ca /httpdocs/OBG_System/Account Register.aspx.cs
2014.06.27 01:04 B C:\Users\Neo\Documents\GitHub\OBG\OBG_System\OBG_System\Account\RegisterSuccess.aspx --> optib2b.ca /httpdocs/OBG_System/Account RegisterSuccess.aspx
2014.06.27 01:04 B C:\Users\Neo\Documents\GitHub\OBG\OBG_System\OBG_System\Account\RegisterSuccess.aspx.cs --> optib2b.ca /httpdocs/OBG_System/Account RegisterSuccess.aspx.cs
2014.06.27 01:04 B C:\Users\Neo\Documents\GitHub\OBG\OBG_System\OBG_System\Account\ResetPassword.aspx --> optib2b.ca /httpdocs/OBG_System/Account ResetPassword.aspx
2014.06.27 01:04 B C:\Users\Neo\Documents\GitHub\OBG\OBG_System\OBG_System\Account\ResetPassword.aspx.cs --> optib2b.ca /httpdocs/OBG_System/Account ResetPassword.aspx.cs
2014.06.27 01:04 B C:\Users\Neo\Documents\GitHub\OBG\OBG_System\OBG_System\Account\ShoppingCart.aspx --> optib2b.ca /httpdocs/OBG_System/Account ShoppingCart.aspx
2014.06.27 01:04 B C:\Users\Neo\Documents\GitHub\OBG\OBG_System\OBG_System\Account\ShoppingCart.aspx.cs --> optib2b.ca /httpdocs/OBG_System/Account ShoppingCart.aspx.cs
2014.06.27 01:04 B C:\Users\Neo\Documents\GitHub\OBG\OBG_System\OBG_System\Account\Special.aspx --> optib2b.ca /httpdocs/OBG_System/Account Special.aspx
2014.06.27 01:04 B C:\Users\Neo\Documents\GitHub\OBG\OBG_System\OBG_System\Account\Special.aspx.cs --> optib2b.ca /httpdocs/OBG_System/Account Special.aspx.cs
2014.06.27 01:04 B C:\Users\Neo\Documents\GitHub\OBG\OBG_System\OBG_System\Account\tabs.aspx --> optib2b.ca /httpdocs/OBG_System/Account tabs.aspx
2014.06.27 01:04 B C:\Users\Neo\Documents\GitHub\OBG\OBG_System\OBG_System\Account\tabs.aspx.cs --> optib2b.ca /httpdocs/OBG_System/Account tabs.aspx.cs
2014.06.27 01:04 B C:\Users\Neo\Documents\GitHub\OBG\OBG_System\OBG_System\Account\UserCenter.aspx --> optib2b.ca /httpdocs/OBG_System/Account UserCenter.aspx
2014.06.27 01:04 B C:\Users\Neo\Documents\GitHub\OBG\OBG_System\OBG_System\Account\UserCenter.aspx.cs --> optib2b.ca /httpdocs/OBG_System/Account UserCenter.aspx.cs
2014.06.27 01:04 B C:\Users\Neo\Documents\GitHub\OBG\OBG_System\OBG_System\Account\UserOrderHistory.aspx --> optib2b.ca /httpdocs/OBG_System/Account UserOrderHistory.aspx
2014.06.27 01:04 B C:\Users\Neo\Documents\GitHub\OBG\OBG_System\OBG_System\Account\UserOrderHistory.aspx.cs --> optib2b.ca /httpdocs/OBG_System/Account UserOrderHistory.aspx.cs
