2014.06.27 01:03 B C:\Users\Neo\Documents\GitHub\OBG\OBG_System\Model\Accessories.cs --> optib2b.ca /httpdocs/Model Accessories.cs
2014.06.27 01:03 B C:\Users\Neo\Documents\GitHub\OBG\OBG_System\Model\App.Config --> optib2b.ca /httpdocs/Model App.Config
2014.06.27 01:03 B C:\Users\Neo\Documents\GitHub\OBG\OBG_System\Model\Category.cs --> optib2b.ca /httpdocs/Model Category.cs
2014.06.27 01:03 B C:\Users\Neo\Documents\GitHub\OBG\OBG_System\Model\Discount.cs --> optib2b.ca /httpdocs/Model Discount.cs
2014.06.27 01:03 B C:\Users\Neo\Documents\GitHub\OBG\OBG_System\Model\HomeImage.cs --> optib2b.ca /httpdocs/Model HomeImage.cs
2014.06.27 01:03 B C:\Users\Neo\Documents\GitHub\OBG\OBG_System\Model\Inventory.cs --> optib2b.ca /httpdocs/Model Inventory.cs
2014.06.27 01:03 B C:\Users\Neo\Documents\GitHub\OBG\OBG_System\Model\LoginRet.cs --> optib2b.ca /httpdocs/Model LoginRet.cs
2014.06.27 01:03 B C:\Users\Neo\Documents\GitHub\OBG\OBG_System\Model\OBGModel.csproj --> optib2b.ca /httpdocs/Model OBGModel.csproj
2014.06.27 01:03 B C:\Users\Neo\Documents\GitHub\OBG\OBG_System\Model\Order.cs --> optib2b.ca /httpdocs/Model Order.cs
2014.06.27 01:03 B C:\Users\Neo\Documents\GitHub\OBG\OBG_System\Model\OrderLine.cs --> optib2b.ca /httpdocs/Model OrderLine.cs
2014.06.27 01:03 B C:\Users\Neo\Documents\GitHub\OBG\OBG_System\Model\Role.cs --> optib2b.ca /httpdocs/Model Role.cs
2014.06.27 01:03 B C:\Users\Neo\Documents\GitHub\OBG\OBG_System\Model\RoleAndUserHandbook.txt --> optib2b.ca /httpdocs/Model RoleAndUserHandbook.txt
2014.06.27 01:03 B C:\Users\Neo\Documents\GitHub\OBG\OBG_System\Model\RoleModule.cs --> optib2b.ca /httpdocs/Model RoleModule.cs
2014.06.27 01:03 B C:\Users\Neo\Documents\GitHub\OBG\OBG_System\Model\Shipping.cs --> optib2b.ca /httpdocs/Model Shipping.cs
2014.06.27 01:03 B C:\Users\Neo\Documents\GitHub\OBG\OBG_System\Model\ShopingCart.cs --> optib2b.ca /httpdocs/Model ShopingCart.cs
2014.06.27 01:03 B C:\Users\Neo\Documents\GitHub\OBG\OBG_System\Model\Special.cs --> optib2b.ca /httpdocs/Model Special.cs
2014.06.27 01:03 B C:\Users\Neo\Documents\GitHub\OBG\OBG_System\Model\Tire.cs --> optib2b.ca /httpdocs/Model Tire.cs
2014.06.27 01:03 B C:\Users\Neo\Documents\GitHub\OBG\OBG_System\Model\User.cs --> optib2b.ca /httpdocs/Model User.cs
2014.06.27 01:03 B C:\Users\Neo\Documents\GitHub\OBG\OBG_System\Model\UserRole.cs --> optib2b.ca /httpdocs/Model UserRole.cs
2014.06.27 01:03 B C:\Users\Neo\Documents\GitHub\OBG\OBG_System\Model\Vehicle.cs --> optib2b.ca /httpdocs/Model Vehicle.cs
2014.06.27 01:03 B C:\Users\Neo\Documents\GitHub\OBG\OBG_System\Model\Wheels.cs --> optib2b.ca /httpdocs/Model Wheels.cs
