2014.06.27 01:05 B C:\Users\Neo\Documents\GitHub\OBG\OBG_System\OBG_System\Admin\AdminSite.master --> optib2b.ca /httpdocs/OBG_System/Admin AdminSite.master
2014.06.27 01:05 B C:\Users\Neo\Documents\GitHub\OBG\OBG_System\OBG_System\Admin\AdminSite.master.cs --> optib2b.ca /httpdocs/OBG_System/Admin AdminSite.master.cs
2014.06.27 01:05 B C:\Users\Neo\Documents\GitHub\OBG\OBG_System\OBG_System\Admin\CategoryManagement.aspx --> optib2b.ca /httpdocs/OBG_System/Admin CategoryManagement.aspx
2014.06.27 01:05 B C:\Users\Neo\Documents\GitHub\OBG\OBG_System\OBG_System\Admin\CategoryManagement.aspx.cs --> optib2b.ca /httpdocs/OBG_System/Admin CategoryManagement.aspx.cs
2014.06.27 01:05 B C:\Users\Neo\Documents\GitHub\OBG\OBG_System\OBG_System\Admin\DiscountManagement.aspx --> optib2b.ca /httpdocs/OBG_System/Admin DiscountManagement.aspx
2014.06.27 01:05 B C:\Users\Neo\Documents\GitHub\OBG\OBG_System\OBG_System\Admin\DiscountManagement.aspx.cs --> optib2b.ca /httpdocs/OBG_System/Admin DiscountManagement.aspx.cs
2014.06.27 01:05 B C:\Users\Neo\Documents\GitHub\OBG\OBG_System\OBG_System\Admin\Home.aspx --> optib2b.ca /httpdocs/OBG_System/Admin Home.aspx
2014.06.27 01:05 B C:\Users\Neo\Documents\GitHub\OBG\OBG_System\OBG_System\Admin\Home.aspx.cs --> optib2b.ca /httpdocs/OBG_System/Admin Home.aspx.cs
2014.06.27 01:05 B C:\Users\Neo\Documents\GitHub\OBG\OBG_System\OBG_System\Admin\Login.aspx --> optib2b.ca /httpdocs/OBG_System/Admin Login.aspx
2014.06.27 01:05 B C:\Users\Neo\Documents\GitHub\OBG\OBG_System\OBG_System\Admin\Login.aspx.cs --> optib2b.ca /httpdocs/OBG_System/Admin Login.aspx.cs
2014.06.27 01:05 B C:\Users\Neo\Documents\GitHub\OBG\OBG_System\OBG_System\Admin\OrderManagement.aspx --> optib2b.ca /httpdocs/OBG_System/Admin OrderManagement.aspx
2014.06.27 01:05 B C:\Users\Neo\Documents\GitHub\OBG\OBG_System\OBG_System\Admin\OrderManagement.aspx.cs --> optib2b.ca /httpdocs/OBG_System/Admin OrderManagement.aspx.cs
2014.06.27 01:05 B C:\Users\Neo\Documents\GitHub\OBG\OBG_System\OBG_System\Admin\PermissionManagement.aspx --> optib2b.ca /httpdocs/OBG_System/Admin PermissionManagement.aspx
2014.06.27 01:05 B C:\Users\Neo\Documents\GitHub\OBG\OBG_System\OBG_System\Admin\PermissionManagement.aspx.cs --> optib2b.ca /httpdocs/OBG_System/Admin PermissionManagement.aspx.cs
2014.06.27 01:05 B C:\Users\Neo\Documents\GitHub\OBG\OBG_System\OBG_System\Admin\ProductManagement.aspx --> optib2b.ca /httpdocs/OBG_System/Admin ProductManagement.aspx
2014.06.27 01:05 B C:\Users\Neo\Documents\GitHub\OBG\OBG_System\OBG_System\Admin\ProductManagement.aspx.cs --> optib2b.ca /httpdocs/OBG_System/Admin ProductManagement.aspx.cs
2014.06.27 01:05 B C:\Users\Neo\Documents\GitHub\OBG\OBG_System\OBG_System\Admin\RegionManagement.aspx --> optib2b.ca /httpdocs/OBG_System/Admin RegionManagement.aspx
2014.06.27 01:05 B C:\Users\Neo\Documents\GitHub\OBG\OBG_System\OBG_System\Admin\RegionManagement.aspx.cs --> optib2b.ca /httpdocs/OBG_System/Admin RegionManagement.aspx.cs
2014.06.27 01:05 B C:\Users\Neo\Documents\GitHub\OBG\OBG_System\OBG_System\Admin\RoleManagement.aspx --> optib2b.ca /httpdocs/OBG_System/Admin RoleManagement.aspx
2014.06.27 01:05 B C:\Users\Neo\Documents\GitHub\OBG\OBG_System\OBG_System\Admin\RoleManagement.aspx.cs --> optib2b.ca /httpdocs/OBG_System/Admin RoleManagement.aspx.cs
2014.06.27 01:05 B C:\Users\Neo\Documents\GitHub\OBG\OBG_System\OBG_System\Admin\UserManagement.aspx --> optib2b.ca /httpdocs/OBG_System/Admin UserManagement.aspx
2014.06.27 01:05 B C:\Users\Neo\Documents\GitHub\OBG\OBG_System\OBG_System\Admin\UserManagement.aspx.cs --> optib2b.ca /httpdocs/OBG_System/Admin UserManagement.aspx.cs
